[2022-12-24T19:05:42+00:00] Global IP API Error:
[2022-12-24T19:05:42+00:00] WP_Error::__set_state(array(
   'errors' => 
  array (
    'dashboard_required' => 
    array (
      0 => 'WPMU DEV Dashboard will be required for this action. Please visit <a target="_blank" href="https://wpmudev.com/project/wpmu-dev-dashboard/">here</a> and install the WPMU DEV Dashboard.',
    ),
  ),
   'error_data' => 
  array (
  ),
   'additional_data' => 
  array (
  ),
))
[2022-12-24T21:09:48+00:00] HTTP Status Code: 503
HTTP Response Message: Service Unavailable
API URL: https://api.redirect.li/v1/ip/51.222.253.13

[2022-12-24T21:09:58+00:00] HTTP Status Code: 503
HTTP Response Message: Service Unavailable
API URL: https://api.redirect.li/v1/ip/54.36.149.44

[2022-12-24T21:49:10+00:00] HTTP Status Code: 503
HTTP Response Message: Service Unavailable
API URL: https://api.redirect.li/v1/ip/54.36.148.161

