[2022-12-24T19:20:49+00:00] Initial ping self
[2022-12-24T19:20:53+00:00] Prepare facts for a scan
[2022-12-24T19:20:53+00:00] Current task gather_fact
[2022-12-24T19:20:53+00:00] processing gather_fact
[2022-12-24T19:20:53+00:00] Core: 2527
[2022-12-24T19:20:53+00:00] get_core_files in 0
[2022-12-24T19:20:53+00:00] process done, queue for next
[2022-12-24T19:20:53+00:00] Scan not done, pinging
[2022-12-24T19:20:53+00:00] Current task gather_fact
[2022-12-24T19:20:53+00:00] processing gather_fact
[2022-12-24T19:20:54+00:00] Content: 4629
[2022-12-24T19:20:54+00:00] get_content_files in 1
[2022-12-24T19:20:54+00:00] task gather_fact processed
[2022-12-24T19:20:54+00:00] queue core_integrity_check for next
[2022-12-24T19:20:54+00:00] process done, queue for next
[2022-12-24T19:20:54+00:00] Scan not done, pinging
[2022-12-24T19:20:54+00:00] Current task core_integrity_check
[2022-12-24T19:20:54+00:00] processing core_integrity_check
[2022-12-24T19:20:54+00:00] Fetch checksums, should only once
[2022-12-24T19:20:55+00:00] current pos 0
[2022-12-24T19:20:55+00:00] modified /www/wwwroot/calle.wiki/wp-includes/deprecated.php
[2022-12-24T19:20:55+00:00] modified /www/wwwroot/calle.wiki/wp-includes/functions.php
[2022-12-24T19:20:56+00:00] skip /www/wwwroot/calle.wiki/.user.ini because of file is whitelisted
[2022-12-24T19:20:56+00:00] task core_integrity_check processed
[2022-12-24T19:20:56+00:00] All done!
[2022-12-24T19:21:01+00:00] process done, queue for next
