[2023-01-28T22:09:51+00:00] Prepare facts for a scan
[2023-01-28T22:09:51+00:00] Current task gather_fact
[2023-01-28T22:09:51+00:00] processing gather_fact
[2023-01-28T22:09:51+00:00] Core: 2526
[2023-01-28T22:09:51+00:00] get_core_files in 0
[2023-01-28T22:09:51+00:00] process done, queue for next
[2023-01-28T22:09:51+00:00] Scan not done, pinging
[2023-01-28T22:09:51+00:00] Current task gather_fact
[2023-01-28T22:09:51+00:00] processing gather_fact
[2023-01-28T22:09:53+00:00] Content: 7218
[2023-01-28T22:09:53+00:00] get_content_files in 2
[2023-01-28T22:09:53+00:00] task gather_fact processed
[2023-01-28T22:09:53+00:00] queue core_integrity_check for next
[2023-01-28T22:09:53+00:00] process done, queue for next
[2023-01-28T22:09:53+00:00] Scan not done, pinging
[2023-01-28T22:09:53+00:00] Current task core_integrity_check
[2023-01-28T22:09:53+00:00] processing core_integrity_check
[2023-01-28T22:09:53+00:00] Fetch checksums, should only once
[2023-01-28T22:09:54+00:00] current pos 0
[2023-01-28T22:09:54+00:00] modified /www/wwwroot/ci61.com/wp-includes/deprecated.php
[2023-01-28T22:09:54+00:00] modified /www/wwwroot/ci61.com/wp-includes/functions.php
[2023-01-28T22:09:54+00:00] skip /www/wwwroot/ci61.com/.user.ini because of file is whitelisted
[2023-01-28T22:09:54+00:00] task core_integrity_check processed
[2023-01-28T22:09:54+00:00] queue vuln_check for next
[2023-01-28T22:09:55+00:00] process done, queue for next
[2023-01-28T22:09:55+00:00] Scan not done, pinging
[2023-01-28T22:09:55+00:00] Current task vuln_check
[2023-01-28T22:09:55+00:00] processing vuln_check
[2023-01-28T22:09:55+00:00] 此操作需要WPMU DEV Dashboard。请访问<a target="_blank" href="https://wpmudev.com/project/wpmu-dev-dashboard/">在这里</a>并安装WPMU DEV Dashboard。
[2023-01-28T22:09:55+00:00] task vuln_check processed
[2023-01-28T22:09:55+00:00] All done!
[2023-01-28T22:09:59+00:00] process done, queue for next
